app/build/outputs/logs/manifest-merger-debug-report.txt
-- Merging decision tree log ---
manifest
ADDED from src\main\AndroidManifest.xml:1:1-31:12
	package
		ADDED from src\main\AndroidManifest.xml:2:5-29
		INJECTED from src\main\AndroidManifest.xml
		INJECTED from src\main\AndroidManifest.xml
	android:versionName
		ADDED from src\main\AndroidManifest.xml:4:5-30
		INJECTED from src\main\AndroidManifest.xml
		INJECTED from src\main\AndroidManifest.xml
	android:versionCode
		ADDED from src\main\AndroidManifest.xml:3:5-31
		INJECTED from src\main\AndroidManifest.xml
		INJECTED from src\main\AndroidManifest.xml
	xmlns:android
		ADDED from src\main\AndroidManifest.xml:1:11-69
uses-sdk
ADDED from src\main\AndroidManifest.xml:6:5-8:41
MERGED from [com.android.support:support-v4:22.2.1] AndroidManifest.xml:20:5-43
	android:targetSdkVersion
		ADDED from src\main\AndroidManifest.xml:8:9-38
		INJECTED from src\main\AndroidManifest.xml
		INJECTED from src\main\AndroidManifest.xml
	android:minSdkVersion
		ADDED from src\main\AndroidManifest.xml:7:9-35
		INJECTED from src\main\AndroidManifest.xml
		INJECTED from src\main\AndroidManifest.xml
uses-permission#android.permission.INTERNET
ADDED from src\main\AndroidManifest.xml:9:3-65
	android:name
		ADDED from src\main\AndroidManifest.xml:9:20-62
application
ADDED from src\main\AndroidManifest.xml:10:5-29:19
MERGED from [com.android.support:support-v4:22.2.1] AndroidManifest.xml:22:5-20
	android:label
		ADDED from src\main\AndroidManifest.xml:12:9-41
	android:allowBackup
		ADDED from src\main\AndroidManifest.xml:11:9-35
	android:icon
		ADDED from src\main\AndroidManifest.xml:13:9-38
activity#cn.junecai.voa.work.MainActivity
ADDED from src\main\AndroidManifest.xml:14:9-21:20
	android:label
		ADDED from src\main\AndroidManifest.xml:16:13-45
	android:name
		ADDED from src\main\AndroidManifest.xml:15:13-60
intent-filter#android.intent.action.MAIN+android.intent.category.LAUNCHER
ADDED from src\main\AndroidManifest.xml:17:13-20:29
action#android.intent.action.MAIN
ADDED from src\main\AndroidManifest.xml:18:17-69
	android:name
		ADDED from src\main\AndroidManifest.xml:18:25-66
category#android.intent.category.LAUNCHER
ADDED from src\main\AndroidManifest.xml:19:17-77
	android:name
		ADDED from src\main\AndroidManifest.xml:19:27-74
activity#cn.junecai.voa.tool.TestPage
ADDED from src\main\AndroidManifest.xml:22:9-74
	android:name
		ADDED from src\main\AndroidManifest.xml:22:19-62
activity#cn.junecai.voa.dataimp.TitleShow
ADDED from src\main\AndroidManifest.xml:23:9-78
	android:name
		ADDED from src\main\AndroidManifest.xml:23:19-66
service#cn.junecai.voa.buf.TitleServicce
ADDED from src\main\AndroidManifest.xml:26:9-76
	android:name
		ADDED from src\main\AndroidManifest.xml:26:18-65
service#cn.junecai.voa.buf.TitleContentService
ADDED from src\main\AndroidManifest.xml:27:9-82
	android:name
		ADDED from src\main\AndroidManifest.xml:27:18-71
service#cn.junecai.voa.buf.Playmusicservice
ADDED from src\main\AndroidManifest.xml:28:9-79
	android:name
		ADDED from src\main\AndroidManifest.xml:28:18-68